FILE_TYPE=LIBRARY_PARTS;
primitive 'AC_HC_32_V1';
  pin
    'A'<0>:
      PIN_NUMBER='(1,4,10,13)';
      INPUT_LOAD='(-0.01,0.01)';
    'B'<0>:
      PIN_NUMBER='(2,5,9,12)';
      INPUT_LOAD='(-0.01,0.01)';
    'O'<0>:
      PIN_NUMBER='(3,6,8,11)';
      OUTPUT_LOAD='(1.0,-1.0)';
  end_pin;
  body
    PART_NAME='AC_HC_32_V1';
    BODY_NAME='AC_HC_32_V1';
    JEDEC_TYPE='dip14_3_v1';
    PHYS_DES_PREFIX='U';
    CLASS='IC';
    GROUND_NETS='GND';
    POWER_PINS='(VCC:14)';
    POWER_PINS='(GND:7)';
  end_body;
end_primitive;

END.
